<?xml version="1.0" encoding="UTF-8"?>
<testng-results skipped="0" failed="0" ignored="0" total="0" passed="0">
  <reporter-output>
  </reporter-output>
  <suite name="CargodomTest" duration-ms="15" started-at="2021-02-20T08:55:03 CET" finished-at="2021-02-20T08:55:03 CET">
    <groups>
    </groups>
    <test name="Command line test" duration-ms="15" started-at="2021-02-20T08:55:03 CET" finished-at="2021-02-20T08:55:03 CET">
    </test> <!-- Command line test -->
  </suite> <!-- CargodomTest -->
</testng-results>
